2017-12-12 16:17:24123123123
2017-12-12 16:19:29 []
2017-12-12 16:19:38 []
2017-12-12 16:19:52 []
2017-12-12 16:20:47 Array
2017-12-12 16:25:10 
2017-12-12 16:25:20 
2017-12-12 16:25:24 
2017-12-12 16:26:33 false
2017-12-12 16:26:36 false
2017-12-12 16:27:06 
2017-12-12 16:27:10 
2017-12-12 16:27:36 
2017-12-12 16:27:39 
2017-12-12 16:28:47 {"ToUserName":{},"FromUserName":{},"CreateTime":"1513067326","MsgType":{},"Content":{},"MsgId":"6498574682240343050"}
2017-12-12 16:28:56 {"ToUserName":{},"FromUserName":{},"CreateTime":"1513067336","MsgType":{},"Content":{},"MsgId":"6498574725190016012"}
2017-12-12 16:29:06 {"ToUserName":{},"FromUserName":{},"CreateTime":"1513067346","MsgType":{},"Content":{},"MsgId":"6498574768139688973"}
2017-12-12 16:29:54 {"ToUserName":"gh_523c929bd5d1","FromUserName":"oY-Kxs67AcrRzCusHAD1M8z4QwfU","CreateTime":"1513067394","MsgType":"text","Content":"~","MsgId":"6498574974298119203"}
2017-12-12 16:38:20 {"ToUserName":"gh_523c929bd5d1","FromUserName":"oY-Kxs67AcrRzCusHAD1M8z4QwfU","CreateTime":"1513067900","MsgType":"text","Content":"45","MsgId":"6498577147551571194"}
2017-12-12 16:38:20 false
2017-12-12 16:38:31 {"ToUserName":"gh_523c929bd5d1","FromUserName":"oY-Kxs67AcrRzCusHAD1M8z4QwfU","CreateTime":"1513067911","MsgType":"text","Content":"33","MsgId":"6498577194796211453"}
2017-12-12 16:38:35 {"ToUserName":"gh_523c929bd5d1","FromUserName":"oY-Kxs67AcrRzCusHAD1M8z4QwfU","CreateTime":"1513067915","MsgType":"text","Content":"2","MsgId":"6498577211976080638"}
2017-12-12 16:50:36 {"ToUserName":"gh_523c929bd5d1","FromUserName":"oY-Kxs67AcrRzCusHAD1M8z4QwfU","CreateTime":"1513068635","MsgType":"text","Content":"     2","MsgId":"6498580304352534034"}
2017-12-12 16:51:59 {"ToUserName":"gh_523c929bd5d1","FromUserName":"oY-Kxs67AcrRzCusHAD1M8z4QwfU","CreateTime":"1513068719","MsgType":"text","Content":"\/","MsgId":"6498580665129786932"}
2017-12-12 16:54:58 {"ToUserName":"gh_523c929bd5d1","FromUserName":"oY-Kxs67AcrRzCusHAD1M8z4QwfU","CreateTime":"1513068898","MsgType":"text","Content":"a","MsgId":"6498581433928932951"}
2017-12-12 17:03:06 {"ToUserName":"gh_523c929bd5d1","FromUserName":"oY-Kxs67AcrRzCusHAD1M8z4QwfU","CreateTime":"1513069386","MsgType":"text","Content":"1","MsgId":"6498583529872973532"}
2017-12-12 17:03:40 <xml> <ToUserName></ToUserName> <FromUserName></FromUserName> <CreateTime></CreateTime> <MsgType>text</MsgType> <Content>你好</Content> </xml>
2017-12-12 17:04:06 {"ToUserName":"gh_523c929bd5d1","FromUserName":"oY-Kxs67AcrRzCusHAD1M8z4QwfU","CreateTime":"1513069445","MsgType":"text","Content":"123123","MsgId":"6498583783276044007"}
2017-12-12 17:05:03 {"ToUserName":"gh_523c929bd5d1","FromUserName":"oY-Kxs67AcrRzCusHAD1M8z4QwfU","CreateTime":"1513069503","MsgType":"text","Content":"12","MsgId":"6498584032384147185"}
2017-12-12 17:05:24 {"ToUserName":"gh_523c929bd5d1","FromUserName":"oY-Kxs67AcrRzCusHAD1M8z4QwfU","CreateTime":"1513069524","MsgType":"text","Content":"11","MsgId":"6498584122578460406"}
2017-12-12 17:05:39 <xml> <ToUserName>gh_523c929bd5d1</ToUserName> <FromUserName>oY-Kxs67AcrRzCusHAD1M8z4QwfU</FromUserName> <CreateTime>1513069539</CreateTime> <MsgType>text</MsgType> <Content>你好</Content> </xml>
2017-12-12 17:07:15 <xml> <ToUserName><![CDATA[gh_523c929bd5d1]]></ToUserName> <FromUserName><![CDATA[oY-Kxs67AcrRzCusHAD1M8z4QwfU]]></FromUserName> <CreateTime>1513069635</CreateTime> <MsgType><![CDATA[text]]></MsgType> <Content><![CDATA[你好]]></Content> </xml>
2017-12-12 17:08:02 
2017-12-12 17:08:27 gh_523c929bd5d1
2017-12-12 17:09:16 <xml> <ToUserName><![CDATA[gh_523c929bd5d1]]></ToUserName> <FromUserName><![CDATA[oY-Kxs67AcrRzCusHAD1M8z4QwfU]]></FromUserName> <CreateTime>1513069756</CreateTime> <MsgType><![CDATA[text]]></MsgType> <Content><![CDATA[你好]]></Content> </xml>
2017-12-12 17:13:35 {"ToUserName":"gh_523c929bd5d1","FromUserName":"oY-Kxs67AcrRzCusHAD1M8z4QwfU","CreateTime":"1513070015","MsgType":"text","Content":"123","MsgId":"6498586231407402891"}
2017-12-12 17:40:11 false
2017-12-12 18:18:44 {"ToUserName":"gh_523c929bd5d1","FromUserName":"oY-Kxs67AcrRzCusHAD1M8z4QwfU","CreateTime":"1513073924","MsgType":"event","Event":"unsubscribe","EventKey":{}}
2017-12-12 18:22:55 {"ToUserName":"gh_523c929bd5d1","FromUserName":"oY-Kxs67AcrRzCusHAD1M8z4QwfU","CreateTime":"1513074175","MsgType":"event","Event":"subscribe","EventKey":{}}
2017-12-12 18:22:58 {"ToUserName":"gh_523c929bd5d1","FromUserName":"oY-Kxs67AcrRzCusHAD1M8z4QwfU","CreateTime":"1513074178","MsgType":"event","Event":"CLICK","EventKey":"is_key"}
2017-12-12 19:26:08 false
2017-12-12 19:30:19 false
2017-12-12 19:31:45 false
2017-12-12 20:11:58 false
2017-12-12 20:11:59 false
