2017-12-13 01:38:24 false
2017-12-13 02:06:00 false
2017-12-13 03:13:32 false
2017-12-13 04:37:52 false
2017-12-13 07:41:49 false
2017-12-13 08:09:16 false
2017-12-13 08:13:50 {"ToUserName":"gh_523c929bd5d1","FromUserName":"oY-Kxs67AcrRzCusHAD1M8z4QwfU","CreateTime":"1513124030","MsgType":"text","Content":"\u4f60\u597d","MsgId":"6498818224065907194"}
2017-12-13 08:13:56 {"ToUserName":"gh_523c929bd5d1","FromUserName":"oY-Kxs67AcrRzCusHAD1M8z4QwfU","CreateTime":"1513124036","MsgType":"text","Content":"123","MsgId":"6498818249835710972"}
2017-12-13 09:40:51 false
2017-12-13 10:12:54 false
2017-12-13 10:17:30 false
2017-12-13 10:42:51 {"ToUserName":"gh_523c929bd5d1","FromUserName":"oY-Kxs67AcrRzCusHAD1M8z4QwfU","CreateTime":"1513132971","MsgType":"event","Event":"unsubscribe","EventKey":{}}
2017-12-13 10:42:59 {"ToUserName":"gh_523c929bd5d1","FromUserName":"oY-Kxs67AcrRzCusHAD1M8z4QwfU","CreateTime":"1513132979","MsgType":"event","Event":"subscribe","EventKey":{}}
2017-12-13 10:43:03 {"ToUserName":"gh_523c929bd5d1","FromUserName":"oY-Kxs67AcrRzCusHAD1M8z4QwfU","CreateTime":"1513132983","MsgType":"event","Event":"VIEW","EventKey":"http:\/\/www.baicu.com","MenuId":"424186374"}
2017-12-13 10:43:09 false
2017-12-13 11:14:42 {"ToUserName":"gh_523c929bd5d1","FromUserName":"oY-Kxs67AcrRzCusHAD1M8z4QwfU","CreateTime":"1513134882","MsgType":"event","Event":"unsubscribe","EventKey":{}}
2017-12-13 11:14:53 {"ToUserName":"gh_523c929bd5d1","FromUserName":"oY-Kxs67AcrRzCusHAD1M8z4QwfU","CreateTime":"1513134893","MsgType":"event","Event":"subscribe","EventKey":{}}
2017-12-13 11:24:48 {"ToUserName":"gh_523c929bd5d1","FromUserName":"oY-Kxs67AcrRzCusHAD1M8z4QwfU","CreateTime":"1513135488","MsgType":"event","Event":"scancode_waitmsg","EventKey":"rselfmenu_0_0","ScanCodeInfo":{"ScanType":"qrcode","ScanResult":"\u54c8\u54c8\u54c8"}}
2017-12-13 11:25:13 {"ToUserName":"gh_523c929bd5d1","FromUserName":"oY-Kxs67AcrRzCusHAD1M8z4QwfU","CreateTime":"1513135513","MsgType":"event","Event":"scancode_push","EventKey":"rselfmenu_0_1","ScanCodeInfo":{"ScanType":"qrcode","ScanResult":"\u54c8\u54c8\u54c8"}}
2017-12-13 11:25:29 {"ToUserName":"gh_523c929bd5d1","FromUserName":"oY-Kxs67AcrRzCusHAD1M8z4QwfU","CreateTime":"1513135529","MsgType":"event","Event":"scancode_push","EventKey":"rselfmenu_0_1","ScanCodeInfo":{"ScanType":"qrcode","ScanResult":"\u54c8\u54c8\u54c8"}}
2017-12-13 11:28:01 {"ToUserName":"gh_523c929bd5d1","FromUserName":"oY-Kxs67AcrRzCusHAD1M8z4QwfU","CreateTime":"1513135681","MsgType":"event","Event":"pic_sysphoto","EventKey":"rselfmenu_1_0","SendPicsInfo":{"Count":"1","PicList":{"item":{"PicMd5Sum":"dc4e91da7ef82edfe4d0b2556465dfc9"}}}}
2017-12-13 11:28:02 {"ToUserName":"gh_523c929bd5d1","FromUserName":"oY-Kxs67AcrRzCusHAD1M8z4QwfU","CreateTime":"1513135681","MsgType":"image","PicUrl":"http:\/\/mmbiz.qpic.cn\/mmbiz_jpg\/ibpap5bDYfqTodT1JdVurkZVicFHiaoRoibUsN751TGAGSicWE7ibFGlK0e9ibeBG2bB34vuWWS9NN1d7Frzx95bkwjrQ\/0","MsgId":"6498868264729875657","MediaId":"d8aniALPCI5SmI1-to1hDU-jAMje3oiGZfu0udRAcjw22bsYQndCK62bLXiTtG2c"}
2017-12-13 11:29:03 {"ToUserName":"gh_523c929bd5d1","FromUserName":"oY-Kxs67AcrRzCusHAD1M8z4QwfU","CreateTime":"1513135743","MsgType":"event","Event":"pic_photo_or_album","EventKey":"rselfmenu_1_1","SendPicsInfo":{"Count":"1","PicList":{"item":{"PicMd5Sum":"84a3b9a7b8c53fe17a06c4c223eda9c2"}}}}
2017-12-13 11:29:04 {"ToUserName":"gh_523c929bd5d1","FromUserName":"oY-Kxs67AcrRzCusHAD1M8z4QwfU","CreateTime":"1513135743","MsgType":"image","PicUrl":"http:\/\/mmbiz.qpic.cn\/mmbiz_jpg\/ibpap5bDYfqTodT1JdVurkZVicFHiaoRoibUSWjMPz3RztZXibljHYc1MHXFNudx4YuZJ2rCM8j8YUR44pj6Xia8lPRA\/0","MsgId":"6498868531017848021","MediaId":"4kl2B_hA2i-5xg5-GUHpEcYd1ZOigWTZHlQJGu2jKUBwQmOdw6PD-Yz7xo5ppp3N"}
2017-12-13 11:29:27 {"ToUserName":"gh_523c929bd5d1","FromUserName":"oY-Kxs67AcrRzCusHAD1M8z4QwfU","CreateTime":"1513135767","MsgType":"event","Event":"pic_weixin","EventKey":"rselfmenu_1_2","SendPicsInfo":{"Count":"1","PicList":{"item":{"PicMd5Sum":"1b2a33778f63690bcd46045cfa731d0a"}}}}
2017-12-13 11:29:28 {"ToUserName":"gh_523c929bd5d1","FromUserName":"oY-Kxs67AcrRzCusHAD1M8z4QwfU","CreateTime":"1513135767","MsgType":"image","PicUrl":"http:\/\/mmbiz.qpic.cn\/mmbiz_jpg\/ibpap5bDYfqTodT1JdVurkZVicFHiaoRoibUQPNfx8BYkJ9yPRUtr3JPLYny01s3PmRcUDoia61iceQP7EdJ4JbYM61A\/0","MsgId":"6498868634097063136","MediaId":"gTDf8mGcTr9e1vUHdYJUngnSdzcC8VYrPdg9G8_FOb-Q3NRRz5Sc8e_p5li9C1H8"}
2017-12-13 11:29:48 {"ToUserName":"gh_523c929bd5d1","FromUserName":"oY-Kxs67AcrRzCusHAD1M8z4QwfU","CreateTime":"1513135787","MsgType":"event","Event":"pic_weixin","EventKey":"rselfmenu_1_2","SendPicsInfo":{"Count":"1","PicList":{"item":{"PicMd5Sum":"dc4e91da7ef82edfe4d0b2556465dfc9"}}}}
2017-12-13 11:29:48 {"ToUserName":"gh_523c929bd5d1","FromUserName":"oY-Kxs67AcrRzCusHAD1M8z4QwfU","CreateTime":"1513135787","MsgType":"image","PicUrl":"http:\/\/mmbiz.qpic.cn\/mmbiz_jpg\/ibpap5bDYfqTodT1JdVurkZVicFHiaoRoibUsN751TGAGSicWE7ibFGlK0e9ibeBG2bB34vuWWS9NN1d7Frzx95bkwjrQ\/0","MsgId":"6498868719996409061","MediaId":"t42ha9m4pGDamoJqnRiKIoVwPxUPcxMgxWCEEHtOj2ui0bZgfe-AF1vfFBNa1Ao2"}
2017-12-13 11:30:02 {"ToUserName":"gh_523c929bd5d1","FromUserName":"oY-Kxs67AcrRzCusHAD1M8z4QwfU","CreateTime":"1513135802","MsgType":"event","Event":"location_select","EventKey":"rselfmenu_2_0","SendLocationInfo":{"Location_X":"39.913124084472656","Location_Y":"116.4911117553711","Scale":"16","Label":"\u8fdc\u6d0b\u56fd\u9645\u4e2d\u5fc3D\u5ea7","Poiname":"[\u4f4d\u7f6e]"}}
2017-12-13 11:30:02 {"ToUserName":"gh_523c929bd5d1","FromUserName":"oY-Kxs67AcrRzCusHAD1M8z4QwfU","CreateTime":"1513135802","MsgType":"location","Location_X":"39.913124","Location_Y":"116.491112","Scale":"16","Label":"\u8fdc\u6d0b\u56fd\u9645\u4e2d\u5fc3D\u5ea7","MsgId":"6498868784420918505"}
2017-12-13 11:33:03 {"ToUserName":"gh_523c929bd5d1","FromUserName":"oY-Kxs67AcrRzCusHAD1M8z4QwfU","CreateTime":"1513135983","MsgType":"event","Event":"unsubscribe","EventKey":{}}
2017-12-13 11:33:10 {"ToUserName":"gh_523c929bd5d1","FromUserName":"oY-Kxs67AcrRzCusHAD1M8z4QwfU","CreateTime":"1513135990","MsgType":"event","Event":"subscribe","EventKey":{}}
2017-12-13 11:33:13 {"ToUserName":"gh_523c929bd5d1","FromUserName":"oY-Kxs67AcrRzCusHAD1M8z4QwfU","CreateTime":"1513135993","MsgType":"event","Event":"CLICK","EventKey":"is_key"}
2017-12-13 11:33:18 {"ToUserName":"gh_523c929bd5d1","FromUserName":"oY-Kxs67AcrRzCusHAD1M8z4QwfU","CreateTime":"1513135998","MsgType":"event","Event":"VIEW","EventKey":"http:\/\/119.27.184.82\/shop","MenuId":"424187134"}
2017-12-13 11:46:01 {"ToUserName":"gh_523c929bd5d1","FromUserName":"oY-Kxs67AcrRzCusHAD1M8z4QwfU","CreateTime":"1513136760","MsgType":"text","Content":"1","MsgId":"6498872898999588255"}
2017-12-13 11:55:41 {"ToUserName":"gh_523c929bd5d1","FromUserName":"oY-Kxs67AcrRzCusHAD1M8z4QwfU","CreateTime":"1513137340","MsgType":"event","Event":"CLICK","EventKey":"is_key"}
2017-12-13 12:03:08 {"ToUserName":"gh_523c929bd5d1","FromUserName":"oY-Kxs67AcrRzCusHAD1M8z4QwfU","CreateTime":"1513137788","MsgType":"event","Event":"CLICK","EventKey":"is_key"}
2017-12-13 12:03:19 {"ToUserName":"gh_523c929bd5d1","FromUserName":"oY-Kxs67AcrRzCusHAD1M8z4QwfU","CreateTime":"1513137799","MsgType":"event","Event":"CLICK","EventKey":"is_key"}
2017-12-13 12:03:25 {"ToUserName":"gh_523c929bd5d1","FromUserName":"oY-Kxs67AcrRzCusHAD1M8z4QwfU","CreateTime":"1513137805","MsgType":"event","Event":"CLICK","EventKey":"is_key"}
2017-12-13 12:03:28 {"ToUserName":"gh_523c929bd5d1","FromUserName":"oY-Kxs67AcrRzCusHAD1M8z4QwfU","CreateTime":"1513137808","MsgType":"event","Event":"CLICK","EventKey":"is_key"}
2017-12-13 12:03:29 {"ToUserName":"gh_523c929bd5d1","FromUserName":"oY-Kxs67AcrRzCusHAD1M8z4QwfU","CreateTime":"1513137809","MsgType":"event","Event":"CLICK","EventKey":"is_key"}
2017-12-13 12:05:36 {"ToUserName":"gh_523c929bd5d1","FromUserName":"oY-Kxs67AcrRzCusHAD1M8z4QwfU","CreateTime":"1513137936","MsgType":"event","Event":"CLICK","EventKey":"is_key"}
2017-12-13 13:59:31 {"ToUserName":"gh_523c929bd5d1","FromUserName":"oY-Kxs67AcrRzCusHAD1M8z4QwfU","CreateTime":"1513144771","MsgType":"event","Content":"1","MsgId":"6498907305982598274"}
2017-12-13 14:11:43 {"ToUserName":"gh_523c929bd5d1","FromUserName":"oY-Kxs67AcrRzCusHAD1M8z4QwfU","CreateTime":"1513145503","MsgType":"event","Content":"123","MsgId":"6498910449898659115"}
2017-12-13 14:11:59 {"ToUserName":"gh_523c929bd5d1","FromUserName":"oY-Kxs67AcrRzCusHAD1M8z4QwfU","CreateTime":"1513145519","MsgType":"event","Content":"1123","MsgId":"6498910518618135863"}
2017-12-13 14:25:16 {"ToUserName":"gh_523c929bd5d1","FromUserName":"oY-Kxs67AcrRzCusHAD1M8z4QwfU","CreateTime":"1513146316","MsgType":"event","Event":"unsubscribe","EventKey":{}}
2017-12-13 14:25:51 {"ToUserName":"gh_523c929bd5d1","FromUserName":"oY-Kxs67AcrRzCusHAD1M8z4QwfU","CreateTime":"1513146351","MsgType":"event","Event":"subscribe","EventKey":{}}
2017-12-13 14:40:59 false
2017-12-13 17:21:21 
2017-12-13 17:34:35 curl -F media=@test.jpg https://api.weixin.qq.com/cgi-bin/media/uploadimg?access_token=4_2hR6h8Ane8BkHCg8Qf2MEGkcvoGhZ3CZrBL5qJQ9F9B_H9eaBA4NgpEMTQg0ya480qYh_Ca6TLLNTmjt6cuVaWyJHQDZEQaEbrlgrOR_0c65ZZ-eVWWFZAT9T_ESKNdACADVY
2017-12-13 17:35:02 curl -F media=@test.jpg https://api.weixin.qq.com/cgi-bin/media/uploadimg?access_token=4_DihQG-HMcxYHJRUexa0cooNPQTqZzxP9l3JB4ixMGENCYbWsnr1ZfJBeKy36nl2N3XpVOAzNNDkNNx2N90uBpAt8971LtVr2uSyHXGv6XFbD3nQYWyTpgu7rx8MOyT36gCm0i5PerPJI3DfNYNGdAHAETM
2017-12-13 17:35:04 curl -F media=@test.jpg https://api.weixin.qq.com/cgi-bin/media/uploadimg?access_token=4_DihQG-HMcxYHJRUexa0cooNPQTqZzxP9l3JB4ixMGENCYbWsnr1ZfJBeKy36nl2N3XpVOAzNNDkNNx2N90uBpAt8971LtVr2uSyHXGv6XFbD3nQYWyTpgu7rx8MOyT36gCm0i5PerPJI3DfNYNGdAHAETM
2017-12-13 17:35:07 curl -F media=@test.jpg https://api.weixin.qq.com/cgi-bin/media/uploadimg?access_token=4_DihQG-HMcxYHJRUexa0cooNPQTqZzxP9l3JB4ixMGENCYbWsnr1ZfJBeKy36nl2N3XpVOAzNNDkNNx2N90uBpAt8971LtVr2uSyHXGv6XFbD3nQYWyTpgu7rx8MOyT36gCm0i5PerPJI3DfNYNGdAHAETM
2017-12-13 17:35:10 curl -F media=@test.jpg https://api.weixin.qq.com/cgi-bin/media/uploadimg?access_token=4_DihQG-HMcxYHJRUexa0cooNPQTqZzxP9l3JB4ixMGENCYbWsnr1ZfJBeKy36nl2N3XpVOAzNNDkNNx2N90uBpAt8971LtVr2uSyHXGv6XFbD3nQYWyTpgu7rx8MOyT36gCm0i5PerPJI3DfNYNGdAHAETM
2017-12-13 17:36:14 false
2017-12-13 17:42:54 
2017-12-13 17:43:00 
2017-12-13 17:43:20 false
2017-12-13 17:44:09 
2017-12-13 17:47:49 
2017-12-13 18:01:32 {"ToUserName":"gh_523c929bd5d1","FromUserName":"oY-Kxs0j6F6R2G1phQIb3zUBLDbQ","CreateTime":"1513159292","MsgType":"event","Event":"subscribe","EventKey":{}}
2017-12-13 18:01:41 {"ToUserName":"gh_523c929bd5d1","FromUserName":"oY-Kxs0j6F6R2G1phQIb3zUBLDbQ","CreateTime":"1513159301","MsgType":"event","Content":"\u5c41\u5c41","MsgId":"6498969711857413880"}
2017-12-13 18:01:47 {"ToUserName":"gh_523c929bd5d1","FromUserName":"oY-Kxs0j6F6R2G1phQIb3zUBLDbQ","CreateTime":"1513159306","MsgType":"event","Content":"\u560e\u54c8","MsgId":"6498969733332250362"}
2017-12-13 18:02:23 {"ToUserName":"gh_523c929bd5d1","FromUserName":"oY-Kxs0j6F6R2G1phQIb3zUBLDbQ","CreateTime":"1513159343","MsgType":"event","Content":"\u4f60\u7cfb\u50bb\u5b50\u5417","MsgId":"6498969892246040327"}
2017-12-13 18:02:30 {"ToUserName":"gh_523c929bd5d1","FromUserName":"oY-Kxs0j6F6R2G1phQIb3zUBLDbQ","CreateTime":"1513159350","MsgType":"event","Content":"\u4f60\u662f\u590d\u8bfb\u673a\u5417","MsgId":"6498969922310811401"}
2017-12-13 18:02:54 ""
2017-12-13 18:03:10 ""
2017-12-13 18:03:34 ""
2017-12-13 18:06:26 null
2017-12-13 18:06:45 null
2017-12-13 18:09:06 ""
2017-12-13 18:11:10 bin
etc
games
include
lib
lib64
libexec
local
sbin
share
src
tmp

2017-12-13 18:11:31 
2017-12-13 18:11:53 Application
Public
README.md
ThinkPHP
composer.json
index.php

2017-12-13 18:12:15 
2017-12-13 18:12:31 curl -F media=@test.jpg https://api.weixin.qq.com/cgi-bin/media/uploadimg?access_token=4_DihQG-HMcxYHJRUexa0cooNPQTqZzxP9l3JB4ixMGENCYbWsnr1ZfJBeKy36nl2N3XpVOAzNNDkNNx2N90uBpAt8971LtVr2uSyHXGv6XFbD3nQYWyTpgu7rx8MOyT36gCm0i5PerPJI3DfNYNGdAHAETM
2017-12-13 20:54:50 false
2017-12-13 21:02:06 false
2017-12-13 23:28:33 false
2017-12-13 23:38:45 false
